## Footprint report - date 7/1/2019 20:18:37
## Created by Pcbnew version kicad (5.1.2)-1
## Unit = mm, Angle = deg.

$BeginDESCRIPTION

$BOARD
upper_left_corner 101.222999 70.442500
lower_right_corner 144.208335 105.467280
$EndBOARD

$MODULE "J1"
reference "J1"
value "USB-C_Female"
footprint "Reclaimer_Labs:USB-C_Female_105450-0101"
attribut none
position 105.725000 87.600000  orientation 270.00
layer front
$PAD "SHLD"
Shape Oval Layer front
position  4.320000  2.355000  size  1.100000  2.600000  orientation 0.00
drill  0.000000
shape_offset  0.000000  0.000000
$EndPAD
$PAD "SHLD"
Shape Oval Layer front
position -4.320000  2.355000  size  1.100000  2.600000  orientation 0.00
drill  0.000000
shape_offset  0.000000  0.000000
$EndPAD
$PAD "SHLD"
Shape Oval Layer front
position  4.320000 -3.005000  size  1.100000  2.100000  orientation 0.00
drill  0.000000
shape_offset  0.000000  0.000000
$EndPAD
$PAD "SHLD"
Shape Oval Layer front
position -4.320000 -3.005000  size  1.100000  2.100000  orientation 0.00
drill  0.000000
shape_offset  0.000000  0.000000
$EndPAD
$PAD "B12"
Shape Rect Layer front
position -3.100000 -2.115000  size  1.000000  0.700000  orientation 0.00
drill  0.000000
shape_offset  0.000000  0.000000
$EndPAD
$PAD "B11"
Shape Rect Layer front
position -2.250000 -2.115000  size  0.300000  0.700000  orientation 0.00
drill  0.000000
shape_offset  0.000000  0.000000
$EndPAD
$PAD "B10"
Shape Rect Layer front
position -1.750000 -2.115000  size  0.300000  0.700000  orientation 0.00
drill  0.000000
shape_offset  0.000000  0.000000
$EndPAD
$PAD "B9"
Shape Rect Layer front
position -1.250000 -2.115000  size  0.300000  0.700000  orientation 0.00
drill  0.000000
shape_offset  0.000000  0.000000
$EndPAD
$PAD "B8"
Shape Rect Layer front
position -0.750000 -2.115000  size  0.300000  0.700000  orientation 0.00
drill  0.000000
shape_offset  0.000000  0.000000
$EndPAD
$PAD "B7"
Shape Rect Layer front
position -0.250000 -2.115000  size  0.300000  0.700000  orientation 0.00
drill  0.000000
shape_offset  0.000000  0.000000
$EndPAD
$PAD "B6"
Shape Rect Layer front
position  0.250000 -2.115000  size  0.300000  0.700000  orientation 0.00
drill  0.000000
shape_offset  0.000000  0.000000
$EndPAD
$PAD "B5"
Shape Rect Layer front
position  0.750000 -2.115000  size  0.300000  0.700000  orientation 0.00
drill  0.000000
shape_offset  0.000000  0.000000
$EndPAD
$PAD "B4"
Shape Rect Layer front
position  1.250000 -2.115000  size  0.300000  0.700000  orientation 0.00
drill  0.000000
shape_offset  0.000000  0.000000
$EndPAD
$PAD "B3"
Shape Rect Layer front
position  1.750000 -2.115000  size  0.300000  0.700000  orientation 0.00
drill  0.000000
shape_offset  0.000000  0.000000
$EndPAD
$PAD "B2"
Shape Rect Layer front
position  2.250000 -2.115000  size  0.300000  0.700000  orientation 0.00
drill  0.000000
shape_offset  0.000000  0.000000
$EndPAD
$PAD "B1"
Shape Rect Layer front
position  3.100000 -2.115000  size  1.000000  0.700000  orientation 0.00
drill  0.000000
shape_offset  0.000000  0.000000
$EndPAD
$PAD "A12"
Shape Rect Layer front
position  3.000000 -3.415000  size  0.300000  0.700000  orientation 0.00
drill  0.000000
shape_offset  0.000000  0.000000
$EndPAD
$PAD "A11"
Shape Rect Layer front
position  2.500000 -3.415000  size  0.300000  0.700000  orientation 0.00
drill  0.000000
shape_offset  0.000000  0.000000
$EndPAD
$PAD "A10"
Shape Rect Layer front
position  2.000000 -3.415000  size  0.300000  0.700000  orientation 0.00
drill  0.000000
shape_offset  0.000000  0.000000
$EndPAD
$PAD "A9"
Shape Rect Layer front
position  1.500000 -3.415000  size  0.300000  0.700000  orientation 0.00
drill  0.000000
shape_offset  0.000000  0.000000
$EndPAD
$PAD "A8"
Shape Rect Layer front
position  1.000000 -3.415000  size  0.300000  0.700000  orientation 0.00
drill  0.000000
shape_offset  0.000000  0.000000
$EndPAD
$PAD "A7"
Shape Rect Layer front
position  0.500000 -3.415000  size  0.300000  0.700000  orientation 0.00
drill  0.000000
shape_offset  0.000000  0.000000
$EndPAD
$PAD "A6"
Shape Rect Layer front
position -0.500000 -3.415000  size  0.300000  0.700000  orientation 0.00
drill  0.000000
shape_offset  0.000000  0.000000
$EndPAD
$PAD "A5"
Shape Rect Layer front
position -1.000000 -3.415000  size  0.300000  0.700000  orientation 0.00
drill  0.000000
shape_offset  0.000000  0.000000
$EndPAD
$PAD "A4"
Shape Rect Layer front
position -1.500000 -3.415000  size  0.300000  0.700000  orientation 0.00
drill  0.000000
shape_offset  0.000000  0.000000
$EndPAD
$PAD "A3"
Shape Rect Layer front
position -2.000000 -3.415000  size  0.300000  0.700000  orientation 0.00
drill  0.000000
shape_offset  0.000000  0.000000
$EndPAD
$PAD "A2"
Shape Rect Layer front
position -2.500000 -3.415000  size  0.300000  0.700000  orientation 0.00
drill  0.000000
shape_offset  0.000000  0.000000
$EndPAD
$PAD "A1"
Shape Rect Layer front
position -3.000000 -3.415000  size  0.300000  0.700000  orientation 0.00
drill  0.000000
shape_offset  0.000000  0.000000
$EndPAD
$EndMODULE  J1

$MODULE "J2"
reference "J2"
value "USB_OTG"
footprint "Reclaimer_Labs:USB_Micro-B_10118193"
attribut smd
position 115.570000 76.000000  orientation 180.00
layer front
$PAD "10"
Shape Oval Layer front
position  3.300000  0.950000  size  0.900000  1.600000  orientation 0.00
drill  0.000000
shape_offset  0.000000  0.000000
$EndPAD
$PAD "9"
Shape Oval Layer front
position -3.300000  0.950000  size  0.900000  1.600000  orientation 0.00
drill  0.000000
shape_offset  0.000000  0.000000
$EndPAD
$PAD "8"
Shape Rect Layer front
position  3.200000 -1.500000  size  1.600000  1.400000  orientation 90.00
drill  0.000000
shape_offset  0.000000  0.000000
$EndPAD
$PAD "7"
Shape Rect Layer front
position -3.200000 -1.500000  size  1.600000  1.400000  orientation 90.00
drill  0.000000
shape_offset  0.000000  0.000000
$EndPAD
$PAD "6"
Shape Rect Layer front
position  1.200000  0.950000  size  1.900000  1.900000  orientation 90.00
drill  0.000000
shape_offset  0.000000  0.000000
$EndPAD
$PAD "6"
Shape Rect Layer front
position -1.200000  0.950000  size  1.900000  1.900000  orientation 90.00
drill  0.000000
shape_offset  0.000000  0.000000
$EndPAD
$PAD "5"
Shape Rect Layer front
position  1.300000 -1.725000  size  1.350000  0.400000  orientation 90.00
drill  0.000000
shape_offset  0.000000  0.000000
$EndPAD
$PAD "4"
Shape Rect Layer front
position  0.650000 -1.725000  size  1.350000  0.400000  orientation 90.00
drill  0.000000
shape_offset  0.000000  0.000000
$EndPAD
$PAD "3"
Shape Rect Layer front
position  0.000000 -1.725000  size  1.350000  0.400000  orientation 90.00
drill  0.000000
shape_offset  0.000000  0.000000
$EndPAD
$PAD "2"
Shape Rect Layer front
position -0.650000 -1.725000  size  1.350000  0.400000  orientation 90.00
drill  0.000000
shape_offset  0.000000  0.000000
$EndPAD
$PAD "1"
Shape Rect Layer front
position -1.300000 -1.725000  size  1.350000  0.400000  orientation 90.00
drill  0.000000
shape_offset  0.000000  0.000000
$EndPAD
$EndMODULE  J2

$MODULE "J3"
reference "J3"
value "CONN_02X03"
footprint "Socket_Strips:Socket_Strip_Straight_2x03"
attribut none
position 113.030000 95.805000  orientation 0.00
layer front
$PAD "1"
Shape Rect Layer both
position  0.000000  0.000000  size  1.727200  1.727200  orientation 0.00
drill  1.016000
shape_offset  0.000000  0.000000
$EndPAD
$PAD "2"
Shape Oval Layer both
position  0.000000  2.540000  size  1.727200  1.727200  orientation 0.00
drill  1.016000
shape_offset  0.000000  0.000000
$EndPAD
$PAD "3"
Shape Oval Layer both
position  2.540000  0.000000  size  1.727200  1.727200  orientation 0.00
drill  1.016000
shape_offset  0.000000  0.000000
$EndPAD
$PAD "4"
Shape Oval Layer both
position  2.540000  2.540000  size  1.727200  1.727200  orientation 0.00
drill  1.016000
shape_offset  0.000000  0.000000
$EndPAD
$PAD "5"
Shape Oval Layer both
position  5.080000  0.000000  size  1.727200  1.727200  orientation 0.00
drill  1.016000
shape_offset  0.000000  0.000000
$EndPAD
$PAD "6"
Shape Oval Layer both
position  5.080000  2.540000  size  1.727200  1.727200  orientation 0.00
drill  1.016000
shape_offset  0.000000  0.000000
$EndPAD
$EndMODULE  J3

$MODULE "C1"
reference "C1"
value "10uF"
footprint "Capacitors_SMD:C_1206"
attribut smd
position 126.746000 98.472000  orientation 0.00
layer front
$PAD "1"
Shape Rect Layer front
position -1.500000  0.000000  size  1.000000  1.600000  orientation 0.00
drill  0.000000
shape_offset  0.000000  0.000000
$EndPAD
$PAD "2"
Shape Rect Layer front
position  1.500000  0.000000  size  1.000000  1.600000  orientation 0.00
drill  0.000000
shape_offset  0.000000  0.000000
$EndPAD
$EndMODULE  C1

$MODULE "C2"
reference "C2"
value "0.1uF"
footprint "Capacitors_SMD:C_0603"
attribut smd
position 126.111000 95.932000  orientation 0.00
layer front
$PAD "1"
Shape Rect Layer front
position -0.750000  0.000000  size  0.800000  0.750000  orientation 0.00
drill  0.000000
shape_offset  0.000000  0.000000
$EndPAD
$PAD "2"
Shape Rect Layer front
position  0.750000  0.000000  size  0.800000  0.750000  orientation 0.00
drill  0.000000
shape_offset  0.000000  0.000000
$EndPAD
$EndMODULE  C2

$MODULE "C3"
reference "C3"
value "1uF"
footprint "Capacitors_SMD:C_0805"
attribut smd
position 126.238000 84.328000  orientation 90.00
layer front
$PAD "1"
Shape Rect Layer front
position -1.000000  0.000000  size  1.000000  1.250000  orientation 0.00
drill  0.000000
shape_offset  0.000000  0.000000
$EndPAD
$PAD "2"
Shape Rect Layer front
position  1.000000  0.000000  size  1.000000  1.250000  orientation 0.00
drill  0.000000
shape_offset  0.000000  0.000000
$EndPAD
$EndMODULE  C3

$MODULE "C4"
reference "C4"
value "0.1uF"
footprint "Capacitors_SMD:C_0603"
attribut smd
position 124.206000 84.502000  orientation 90.00
layer front
$PAD "1"
Shape Rect Layer front
position -0.750000  0.000000  size  0.800000  0.750000  orientation 0.00
drill  0.000000
shape_offset  0.000000  0.000000
$EndPAD
$PAD "2"
Shape Rect Layer front
position  0.750000  0.000000  size  0.800000  0.750000  orientation 0.00
drill  0.000000
shape_offset  0.000000  0.000000
$EndPAD
$EndMODULE  C4

$MODULE "C5"
reference "C5"
value "470pF"
footprint "Capacitors_SMD:C_0603"
attribut smd
position 126.111000 93.392000  orientation 0.00
layer front
$PAD "1"
Shape Rect Layer front
position -0.750000  0.000000  size  0.800000  0.750000  orientation 0.00
drill  0.000000
shape_offset  0.000000  0.000000
$EndPAD
$PAD "2"
Shape Rect Layer front
position  0.750000  0.000000  size  0.800000  0.750000  orientation 0.00
drill  0.000000
shape_offset  0.000000  0.000000
$EndPAD
$EndMODULE  C5

$MODULE "C6"
reference "C6"
value "470pF"
footprint "Capacitors_SMD:C_0603"
attribut smd
position 122.301000 93.392000  orientation 180.00
layer front
$PAD "1"
Shape Rect Layer front
position -0.750000  0.000000  size  0.800000  0.750000  orientation 0.00
drill  0.000000
shape_offset  0.000000  0.000000
$EndPAD
$PAD "2"
Shape Rect Layer front
position  0.750000  0.000000  size  0.800000  0.750000  orientation 0.00
drill  0.000000
shape_offset  0.000000  0.000000
$EndPAD
$EndMODULE  C6

$MODULE "R1"
reference "R1"
value "4.7k"
footprint "Capacitors_SMD:C_0603"
attribut smd
position 124.460000 75.485000  orientation 180.00
layer front
$PAD "1"
Shape Rect Layer front
position -0.750000  0.000000  size  0.800000  0.750000  orientation 0.00
drill  0.000000
shape_offset  0.000000  0.000000
$EndPAD
$PAD "2"
Shape Rect Layer front
position  0.750000  0.000000  size  0.800000  0.750000  orientation 0.00
drill  0.000000
shape_offset  0.000000  0.000000
$EndPAD
$EndMODULE  R1

$MODULE "R2"
reference "R2"
value "4.7k"
footprint "Capacitors_SMD:C_0603"
attribut smd
position 124.460000 77.390000  orientation 180.00
layer front
$PAD "1"
Shape Rect Layer front
position -0.750000  0.000000  size  0.800000  0.750000  orientation 0.00
drill  0.000000
shape_offset  0.000000  0.000000
$EndPAD
$PAD "2"
Shape Rect Layer front
position  0.750000  0.000000  size  0.800000  0.750000  orientation 0.00
drill  0.000000
shape_offset  0.000000  0.000000
$EndPAD
$EndMODULE  R2

$MODULE "R3"
reference "R3"
value "4.7k"
footprint "Capacitors_SMD:C_0603"
attribut smd
position 124.460000 79.295000  orientation 180.00
layer front
$PAD "1"
Shape Rect Layer front
position -0.750000  0.000000  size  0.800000  0.750000  orientation 0.00
drill  0.000000
shape_offset  0.000000  0.000000
$EndPAD
$PAD "2"
Shape Rect Layer front
position  0.750000  0.000000  size  0.800000  0.750000  orientation 0.00
drill  0.000000
shape_offset  0.000000  0.000000
$EndPAD
$EndMODULE  R3

$MODULE "U1"
reference "U1"
value "FUSB302BMPX"
footprint "Reclaimer_Labs:MLP_14"
attribut none
position 124.206000 89.582000  orientation 180.00
layer front
$PAD "1"
Shape Rect Layer front
position -1.215000 -0.500000  size  0.300000  0.580000  orientation 90.00
drill  0.000000
shape_offset  0.000000  0.000000
$EndPAD
$PAD "2"
Shape Rect Layer front
position -1.215000  0.000000  size  0.300000  0.580000  orientation 90.00
drill  0.000000
shape_offset  0.000000  0.000000
$EndPAD
$PAD "3"
Shape Rect Layer front
position -1.215000  0.500000  size  0.300000  0.580000  orientation 90.00
drill  0.000000
shape_offset  0.000000  0.000000
$EndPAD
$PAD "5"
Shape Rect Layer front
position -0.250000  1.215000  size  0.300000  0.580000  orientation 0.00
drill  0.000000
shape_offset  0.000000  0.000000
$EndPAD
$PAD "6"
Shape Rect Layer front
position  0.250000  1.215000  size  0.300000  0.580000  orientation 0.00
drill  0.000000
shape_offset  0.000000  0.000000
$EndPAD
$PAD "7"
Shape Rect Layer front
position  0.750000  1.215000  size  0.300000  0.580000  orientation 0.00
drill  0.000000
shape_offset  0.000000  0.000000
$EndPAD
$PAD "8"
Shape Rect Layer front
position  1.215000  0.500000  size  0.300000  0.580000  orientation 90.00
drill  0.000000
shape_offset  0.000000  0.000000
$EndPAD
$PAD "9"
Shape Rect Layer front
position  1.215000  0.000000  size  0.300000  0.580000  orientation 90.00
drill  0.000000
shape_offset  0.000000  0.000000
$EndPAD
$PAD "10"
Shape Rect Layer front
position  1.215000 -0.500000  size  0.300000  0.580000  orientation 90.00
drill  0.000000
shape_offset  0.000000  0.000000
$EndPAD
$PAD "11"
Shape Rect Layer front
position  0.750000 -1.215000  size  0.300000  0.580000  orientation 0.00
drill  0.000000
shape_offset  0.000000  0.000000
$EndPAD
$PAD "13"
Shape Rect Layer front
position -0.250000 -1.215000  size  0.300000  0.580000  orientation 0.00
drill  0.000000
shape_offset  0.000000  0.000000
$EndPAD
$PAD "14"
Shape Rect Layer front
position -0.750000 -1.215000  size  0.300000  0.580000  orientation 0.00
drill  0.000000
shape_offset  0.000000  0.000000
$EndPAD
$PAD "12"
Shape Rect Layer front
position  0.250000 -1.215000  size  0.300000  0.580000  orientation 0.00
drill  0.000000
shape_offset  0.000000  0.000000
$EndPAD
$PAD "4"
Shape Rect Layer front
position -0.750000  1.215000  size  0.300000  0.580000  orientation 0.00
drill  0.000000
shape_offset  0.000000  0.000000
$EndPAD
$PAD "15"
Shape Rect Layer front
position  0.000000  0.000000  size  1.450000  1.450000  orientation 90.00
drill  0.000000
shape_offset  0.000000  0.000000
$EndPAD
$EndMODULE  U1

$MODULE "X1"
reference "X1"
value "MTHOLE"
footprint "Reclaimer_Labs:MountingHole_3.5mm_Pad_Via"
attribut none
position 105.600000 97.710000  orientation 0.00
layer front
$PAD "1"
Shape Circle Layer both
position  0.000000  0.000000  size  7.000000  7.000000  orientation 0.00
drill  3.500000
shape_offset  0.000000  0.000000
$EndPAD
$PAD "1"
Shape Circle Layer both
position  2.625000  0.000000  size  0.600000  0.600000  orientation 0.00
drill  0.500000
shape_offset  0.000000  0.000000
$EndPAD
$PAD "1"
Shape Circle Layer both
position  1.856155  1.856155  size  0.600000  0.600000  orientation 0.00
drill  0.500000
shape_offset  0.000000  0.000000
$EndPAD
$PAD "1"
Shape Circle Layer both
position  0.000000  2.625000  size  0.600000  0.600000  orientation 0.00
drill  0.500000
shape_offset  0.000000  0.000000
$EndPAD
$PAD "1"
Shape Circle Layer both
position -1.856155  1.856155  size  0.600000  0.600000  orientation 0.00
drill  0.500000
shape_offset  0.000000  0.000000
$EndPAD
$PAD "1"
Shape Circle Layer both
position -2.625000  0.000000  size  0.600000  0.600000  orientation 0.00
drill  0.500000
shape_offset  0.000000  0.000000
$EndPAD
$PAD "1"
Shape Circle Layer both
position -1.856155 -1.856155  size  0.600000  0.600000  orientation 0.00
drill  0.500000
shape_offset  0.000000  0.000000
$EndPAD
$PAD "1"
Shape Circle Layer both
position  0.000000 -2.625000  size  0.600000  0.600000  orientation 0.00
drill  0.500000
shape_offset  0.000000  0.000000
$EndPAD
$PAD "1"
Shape Circle Layer both
position  1.856155 -1.856155  size  0.600000  0.600000  orientation 0.00
drill  0.500000
shape_offset  0.000000  0.000000
$EndPAD
$EndMODULE  X1

$MODULE "X2"
reference "X2"
value "MTHOLE"
footprint "Reclaimer_Labs:MountingHole_3.5mm_Pad_Via"
attribut none
position 105.600000 77.600000  orientation 0.00
layer front
$PAD "1"
Shape Circle Layer both
position  0.000000  0.000000  size  7.000000  7.000000  orientation 0.00
drill  3.500000
shape_offset  0.000000  0.000000
$EndPAD
$PAD "1"
Shape Circle Layer both
position  2.625000  0.000000  size  0.600000  0.600000  orientation 0.00
drill  0.500000
shape_offset  0.000000  0.000000
$EndPAD
$PAD "1"
Shape Circle Layer both
position  1.856155  1.856155  size  0.600000  0.600000  orientation 0.00
drill  0.500000
shape_offset  0.000000  0.000000
$EndPAD
$PAD "1"
Shape Circle Layer both
position  0.000000  2.625000  size  0.600000  0.600000  orientation 0.00
drill  0.500000
shape_offset  0.000000  0.000000
$EndPAD
$PAD "1"
Shape Circle Layer both
position -1.856155  1.856155  size  0.600000  0.600000  orientation 0.00
drill  0.500000
shape_offset  0.000000  0.000000
$EndPAD
$PAD "1"
Shape Circle Layer both
position -2.625000  0.000000  size  0.600000  0.600000  orientation 0.00
drill  0.500000
shape_offset  0.000000  0.000000
$EndPAD
$PAD "1"
Shape Circle Layer both
position -1.856155 -1.856155  size  0.600000  0.600000  orientation 0.00
drill  0.500000
shape_offset  0.000000  0.000000
$EndPAD
$PAD "1"
Shape Circle Layer both
position  0.000000 -2.625000  size  0.600000  0.600000  orientation 0.00
drill  0.500000
shape_offset  0.000000  0.000000
$EndPAD
$PAD "1"
Shape Circle Layer both
position  1.856155 -1.856155  size  0.600000  0.600000  orientation 0.00
drill  0.500000
shape_offset  0.000000  0.000000
$EndPAD
$EndMODULE  X2

$MODULE "J4"
reference "J4"
value "Conn_01x08_Male"
footprint "Socket_Strips:Socket_Strip_Straight_1x08_Pitch2.54mm"
attribut none
position 134.620000 78.660000  orientation 0.00
layer front
$PAD "8"
Shape Oval Layer both
position  0.000000 17.780000  size  1.700000  1.700000  orientation 0.00
drill  1.000000
shape_offset  0.000000  0.000000
$EndPAD
$PAD "7"
Shape Oval Layer both
position  0.000000 15.240000  size  1.700000  1.700000  orientation 0.00
drill  1.000000
shape_offset  0.000000  0.000000
$EndPAD
$PAD "6"
Shape Oval Layer both
position  0.000000 12.700000  size  1.700000  1.700000  orientation 0.00
drill  1.000000
shape_offset  0.000000  0.000000
$EndPAD
$PAD "5"
Shape Oval Layer both
position  0.000000 10.160000  size  1.700000  1.700000  orientation 0.00
drill  1.000000
shape_offset  0.000000  0.000000
$EndPAD
$PAD "4"
Shape Oval Layer both
position  0.000000  7.620000  size  1.700000  1.700000  orientation 0.00
drill  1.000000
shape_offset  0.000000  0.000000
$EndPAD
$PAD "3"
Shape Oval Layer both
position  0.000000  5.080000  size  1.700000  1.700000  orientation 0.00
drill  1.000000
shape_offset  0.000000  0.000000
$EndPAD
$PAD "2"
Shape Oval Layer both
position  0.000000  2.540000  size  1.700000  1.700000  orientation 0.00
drill  1.000000
shape_offset  0.000000  0.000000
$EndPAD
$PAD "1"
Shape Rect Layer both
position  0.000000  0.000000  size  1.700000  1.700000  orientation 0.00
drill  1.000000
shape_offset  0.000000  0.000000
$EndPAD
$EndMODULE  J4

$MODULE "TP1"
reference "TP1"
value "TEST_1P"
footprint "Jason_Custom_Home:TP"
attribut none
position 128.905000 83.820000  orientation 0.00
layer front
$PAD "1"
Shape Circle Layer front
position  0.000000  0.000000  size  1.270000  1.270000  orientation 0.00
drill  0.000000
shape_offset  0.000000  0.000000
$EndPAD
$EndMODULE  TP1

$MODULE "TP2"
reference "TP2"
value "TEST_1P"
footprint "Jason_Custom_Home:TP"
attribut none
position 127.381000 77.089000  orientation 0.00
layer front
$PAD "1"
Shape Circle Layer front
position  0.000000  0.000000  size  1.270000  1.270000  orientation 0.00
drill  0.000000
shape_offset  0.000000  0.000000
$EndPAD
$EndMODULE  TP2

$MODULE "TP3"
reference "TP3"
value "TEST_1P"
footprint "Jason_Custom_Home:TP"
attribut none
position 117.602000 80.899000  orientation 0.00
layer front
$PAD "1"
Shape Circle Layer front
position  0.000000  0.000000  size  1.270000  1.270000  orientation 0.00
drill  0.000000
shape_offset  0.000000  0.000000
$EndPAD
$EndMODULE  TP3

$MODULE "TP4"
reference "TP4"
value "TEST_1P"
footprint "Jason_Custom_Home:TP"
attribut none
position 130.937000 99.695000  orientation 0.00
layer front
$PAD "1"
Shape Circle Layer front
position  0.000000  0.000000  size  1.270000  1.270000  orientation 0.00
drill  0.000000
shape_offset  0.000000  0.000000
$EndPAD
$EndMODULE  TP4

$MODULE "TP5"
reference "TP5"
value "TEST_1P"
footprint "Jason_Custom_Home:TP"
attribut none
position 123.571000 96.266000  orientation 0.00
layer front
$PAD "1"
Shape Circle Layer front
position  0.000000  0.000000  size  1.270000  1.270000  orientation 0.00
drill  0.000000
shape_offset  0.000000  0.000000
$EndPAD
$EndMODULE  TP5

$MODULE "TP6"
reference "TP6"
value "TEST_1P"
footprint "Jason_Custom_Home:TP"
attribut none
position 123.444000 81.788000  orientation 0.00
layer front
$PAD "1"
Shape Circle Layer front
position  0.000000  0.000000  size  1.270000  1.270000  orientation 0.00
drill  0.000000
shape_offset  0.000000  0.000000
$EndPAD
$EndMODULE  TP6

$MODULE "TP7"
reference "TP7"
value "TEST_1P"
footprint "Jason_Custom_Home:TP"
attribut none
position 120.777000 83.185000  orientation 0.00
layer front
$PAD "1"
Shape Circle Layer front
position  0.000000  0.000000  size  1.270000  1.270000  orientation 0.00
drill  0.000000
shape_offset  0.000000  0.000000
$EndPAD
$EndMODULE  TP7

$MODULE "TP8"
reference "TP8"
value "TEST_1P"
footprint "Jason_Custom_Home:TP"
attribut none
position 119.761000 86.487000  orientation 0.00
layer front
$PAD "1"
Shape Circle Layer front
position  0.000000  0.000000  size  1.270000  1.270000  orientation 0.00
drill  0.000000
shape_offset  0.000000  0.000000
$EndPAD
$EndMODULE  TP8

$MODULE "TP9"
reference "TP9"
value "TEST_1P"
footprint "Jason_Custom_Home:TP"
attribut none
position 119.761000 91.567000  orientation 0.00
layer front
$PAD "1"
Shape Circle Layer front
position  0.000000  0.000000  size  1.270000  1.270000  orientation 0.00
drill  0.000000
shape_offset  0.000000  0.000000
$EndPAD
$EndMODULE  TP9

$EndDESCRIPTION
